[debug] [2023-08-16T09:27:48.599Z] ----------------------------------------------------------------------
[debug] [2023-08-16T09:27:48.602Z] Command:       C:\Program Files\nodejs\node.exe C:\Users\Rahul Mishra\AppData\Roaming\npm\node_modules\firebase-tools\lib\bin\firebase.js init
[debug] [2023-08-16T09:27:48.602Z] CLI Version:   12.4.7
[debug] [2023-08-16T09:27:48.602Z] Platform:      win32
[debug] [2023-08-16T09:27:48.602Z] Node Version:  v20.3.1
[debug] [2023-08-16T09:27:48.602Z] Time:          Wed Aug 16 2023 14:57:48 GMT+0530 (India Standard Time)
[debug] [2023-08-16T09:27:48.602Z] ----------------------------------------------------------------------
[debug] 
[debug] [2023-08-16T09:27:48.609Z] > command requires scopes: ["email","openid","https://www.googleapis.com/auth/cloudplatformprojects.readonly","https://www.googleapis.com/auth/firebase","https://www.googleapis.com/auth/cloud-platform"]
[debug] [2023-08-16T09:27:48.609Z] > authorizing via signed-in user (mishrark1414@gmail.com)
[info] 
     ######## #### ########  ######## ########     ###     ######  ########
     ##        ##  ##     ## ##       ##     ##  ##   ##  ##       ##
     ######    ##  ########  ######   ########  #########  ######  ######
     ##        ##  ##    ##  ##       ##     ## ##     ##       ## ##
     ##       #### ##     ## ######## ########  ##     ##  ######  ########

You're about to initialize a Firebase project in this directory:

  C:\Users\Rahul Mishra\Desktop\Main_Dashboard_Brighten\Admin_Dashboard_BrightenShipManagement

[info] 
=== Project Setup
[info] 
[info] First, let's associate this project directory with a Firebase project.
[info] You can create multiple project aliases by running firebase use --add, 
[info] but for now we'll just set up a default project.
[info] 
[debug] [2023-08-16T09:28:49.979Z] >>> [apiv2][query] GET https://firebase.googleapis.com/v1beta1/projects pageSize=100
[debug] [2023-08-16T09:28:50.997Z] <<< [apiv2][status] GET https://firebase.googleapis.com/v1beta1/projects 200
[debug] [2023-08-16T09:28:50.997Z] <<< [apiv2][body] GET https://firebase.googleapis.com/v1beta1/projects [omitted]
[debug] [2023-08-16T09:33:05.825Z] ----------------------------------------------------------------------
[debug] [2023-08-16T09:33:05.828Z] Command:       C:\Program Files\nodejs\node.exe C:\Users\Rahul Mishra\AppData\Roaming\npm\node_modules\firebase-tools\lib\bin\firebase.js init
[debug] [2023-08-16T09:33:05.828Z] CLI Version:   12.4.7
[debug] [2023-08-16T09:33:05.828Z] Platform:      win32
[debug] [2023-08-16T09:33:05.828Z] Node Version:  v20.3.1
[debug] [2023-08-16T09:33:05.828Z] Time:          Wed Aug 16 2023 15:03:05 GMT+0530 (India Standard Time)
[debug] [2023-08-16T09:33:05.828Z] ----------------------------------------------------------------------
[debug] 
[debug] [2023-08-16T09:33:05.833Z] > command requires scopes: ["email","openid","https://www.googleapis.com/auth/cloudplatformprojects.readonly","https://www.googleapis.com/auth/firebase","https://www.googleapis.com/auth/cloud-platform"]
[debug] [2023-08-16T09:33:05.834Z] > authorizing via signed-in user (mishrark1414@gmail.com)
[info] 
     ######## #### ########  ######## ########     ###     ######  ########
     ##        ##  ##     ## ##       ##     ##  ##   ##  ##       ##
     ######    ##  ########  ######   ########  #########  ######  ######
     ##        ##  ##    ##  ##       ##     ## ##     ##       ## ##
     ##       #### ##     ## ######## ########  ##     ##  ######  ########

You're about to initialize a Firebase project in this directory:

  C:\Users\Rahul Mishra\Desktop\Main_Dashboard_Brighten\Admin_Dashboard_BrightenShipManagement

[info] 
=== Project Setup
[info] 
[info] First, let's associate this project directory with a Firebase project.
[info] You can create multiple project aliases by running firebase use --add, 
[info] but for now we'll just set up a default project.
[info] 
[debug] [2023-08-16T09:33:11.790Z] >>> [apiv2][query] GET https://firebase.googleapis.com/v1beta1/projects pageSize=100
[debug] [2023-08-16T09:33:12.981Z] <<< [apiv2][status] GET https://firebase.googleapis.com/v1beta1/projects 200
[debug] [2023-08-16T09:33:12.981Z] <<< [apiv2][body] GET https://firebase.googleapis.com/v1beta1/projects [omitted]
